Hello World
/home/investwell/code/InvestwellAutomation
Hello World
/home/investwell/code/InvestwellAutomation
Hello World
/home/investwell/code/InvestwellAutomation
Hello World
XMLFiles/testing.xml
/home/investwell/code/InvestwellAutomation
Hello World
XMLFiles/aumReport.xml
/home/investwell/code/InvestwellAutomation
Hello World
XMLFiles/arnsetting.xml
/home/investwell/code/InvestwellAutomation
Hello World
XMLFiles/arnsetting.xml
/home/investwell/code/InvestwellAutomation
Hello World
XMLFiles/assetsAllocation.xml
/home/investwell/code/InvestwellAutomation
Hello World
XMLFiles/arnsetting.xml
arnsetting
/home/investwell/code/InvestwellAutomation
Hello World
XMLFiles/arnsetting.xml
arnsetting
/home/investwell/code/InvestwellAutomation
Hello World
automationOne
XMLFiles/arnsetting.xml
/home/investwell/code/InvestwellAutomation
Hello World
automationOne
XMLFiles/arnsetting.xml
/home/investwell/code/InvestwellAutomation
Hello World

XMLFiles/.xml
/home/investwell/code/InvestwellAutomation
Hello World

XMLFiles/.xml
/home/investwell/code/InvestwellAutomation
Hello World

XMLFiles/.xml
/home/investwell/code/InvestwellAutomation
Hello World
swati
XMLFiles/arnsetting.xml
/home/investwell/code/InvestwellAutomation
Hello World
swati
XMLFiles/arnsetting.xml
/home/investwell/code/InvestwellAutomation
